Build started 8/19/2015 4:47:10 PM.
     1>Project "C:\Users\DSchana\Documents\Computer Science\Misc\C++\visual studio\3nplus1\3nplus1\3nplus1.vcxproj" on node 2 (Build target(s)).
     1>ClCompile:
         C:\Program Files (x86)\Microsoft Visual Studio 14.0\VC\bin\CL.exe /c /ZI /nologo /W3 /WX- /sdl /Od /Oy- /D WIN32 /D _DEBUG /D _CONSOLE /D _UNICODE /D UNICODE /Gm /EHsc /RTC1 /MDd /GS /fp:precise /Zc:wchar_t /Zc:forScope /Zc:inline /Yc"stdafx.h" /Fp"Debug\3nplus1.pch" /Fo"Debug\\" /Fd"Debug\vc140.pdb" /Gd /TP /analyze- /errorReport:prompt stdafx.cpp
         stdafx.cpp
         C:\Program Files (x86)\Microsoft Visual Studio 14.0\VC\bin\CL.exe /c /ZI /nologo /W3 /WX- /sdl /Od /Oy- /D WIN32 /D _DEBUG /D _CONSOLE /D _UNICODE /D UNICODE /Gm /EHsc /RTC1 /MDd /GS /fp:precise /Zc:wchar_t /Zc:forScope /Zc:inline /Yu"stdafx.h" /Fp"Debug\3nplus1.pch" /Fo"Debug\\" /Fd"Debug\vc140.pdb" /Gd /TP /analyze- /errorReport:prompt 3nplus1.cpp
         3nplus1.cpp
     1>c:\users\dschana\documents\computer science\misc\c++\visual studio\3nplus1\3nplus1\3nplus1.cpp(3): warning C4627: '#include <iostream>': skipped when looking for precompiled header use
         c:\users\dschana\documents\computer science\misc\c++\visual studio\3nplus1\3nplus1\3nplus1.cpp(3): note: Add directive to 'stdafx.h' or rebuild precompiled header
     1>c:\users\dschana\documents\computer science\misc\c++\visual studio\3nplus1\3nplus1\3nplus1.cpp(28): fatal error C1010: unexpected end of file while looking for precompiled header. Did you forget to add '#include "stdafx.h"' to your source?
     1>C:\Program Files (x86)\MSBuild\Microsoft.Cpp\v4.0\V140\Microsoft.CppCommon.targets(355,5): error MSB6006: "CL.exe" exited with code 2.
     1>Done Building Project "C:\Users\DSchana\Documents\Computer Science\Misc\C++\visual studio\3nplus1\3nplus1\3nplus1.vcxproj" (Build target(s)) -- FAILED.

Build FAILED.

Time Elapsed 00:00:01.78
