Build started 4/9/2015 11:11:24 PM.
     1>Project "C:\Users\dilpreet\Documents\GitHub\shits-and-giggles\open cv\ObjectTrack v2\ObjectTrack v2\ObjectTrack v2.vcxproj" on node 2 (Build target(s)).
     1>ClCompile:
         C:\Program Files (x86)\Microsoft Visual Studio 12.0\VC\bin\CL.exe /c /ZI /nologo /W3 /WX- /sdl /Od /Oy- /D WIN32 /D _DEBUG /D _CONSOLE /D _LIB /D _UNICODE /D UNICODE /Gm /EHsc /RTC1 /MDd /GS /fp:precise /Zc:wchar_t /Zc:forScope /Fo"Debug\\" /Fd"Debug\vc120.pdb" /Gd /TP /analyze- /errorReport:prompt main.cpp
         main.cpp
     1>c:\users\dilpreet\documents\github\shits-and-giggles\open cv\objecttrack v2\objecttrack v2\main.cpp(44): error C2065: 'CV_BRG2GRAY' : undeclared identifier
     1>c:\users\dilpreet\documents\github\shits-and-giggles\open cv\objecttrack v2\objecttrack v2\main.cpp(47): error C2059: syntax error : 'bad suffix on number'
     1>c:\users\dilpreet\documents\github\shits-and-giggles\open cv\objecttrack v2\objecttrack v2\main.cpp(47): error C2146: syntax error : missing ')' before identifier 'x3'
     1>c:\users\dilpreet\documents\github\shits-and-giggles\open cv\objecttrack v2\objecttrack v2\main.cpp(47): error C2440: '<function-style-cast>' : cannot convert from 'int' to 'cv::Size'
                 No constructor could take the source type, or constructor overload resolution was ambiguous
     1>c:\users\dilpreet\documents\github\shits-and-giggles\open cv\objecttrack v2\objecttrack v2\main.cpp(47): error C2059: syntax error : ')'
     1>c:\users\dilpreet\documents\github\shits-and-giggles\open cv\objecttrack v2\objecttrack v2\main.cpp(54): error C2065: 'CV_BRG2GRAY' : undeclared identifier
     1>Done Building Project "C:\Users\dilpreet\Documents\GitHub\shits-and-giggles\open cv\ObjectTrack v2\ObjectTrack v2\ObjectTrack v2.vcxproj" (Build target(s)) -- FAILED.

Build FAILED.

Time Elapsed 00:00:03.40
